{"/home/futuzor/Documentos/JS/React/PokeWeather/src/utils/devolverColor.ts": {"path":"/home/futuzor/Documentos/JS/React/PokeWeather/src/utils/devolverColor.ts","all":false,"statementMap":{"0":{"start":{"line":1,"column":0},"end":{"line":1,"column":41}},"1":{"start":{"line":2,"column":0},"end":{"line":2,"column":21}},"2":{"start":{"line":3,"column":0},"end":{"line":3,"column":24}},"3":{"start":{"line":4,"column":0},"end":{"line":4,"column":28}},"4":{"start":{"line":5,"column":0},"end":{"line":5,"column":24}},"5":{"start":{"line":6,"column":0},"end":{"line":6,"column":28}},"6":{"start":{"line":7,"column":0},"end":{"line":7,"column":26}},"7":{"start":{"line":8,"column":0},"end":{"line":8,"column":27}},"8":{"start":{"line":9,"column":0},"end":{"line":9,"column":24}},"9":{"start":{"line":10,"column":0},"end":{"line":10,"column":5}},"10":{"start":{"line":11,"column":0},"end":{"line":11,"column":1}},"11":{"start":{"line":12,"column":0},"end":{"line":12,"column":0}},"12":{"start":{"line":13,"column":0},"end":{"line":13,"column":28}}},"s":{"0":1,"1":4,"2":1,"3":4,"4":1,"5":3,"6":1,"7":1,"8":1,"9":1,"10":4,"11":1,"12":1},"branchMap":{"0":{"type":"branch","line":1,"loc":{"start":{"line":1,"column":22},"end":{"line":11,"column":1}},"locations":[{"start":{"line":1,"column":22},"end":{"line":11,"column":1}}]},"1":{"type":"branch","line":2,"loc":{"start":{"line":2,"column":20},"end":{"line":4,"column":11}},"locations":[{"start":{"line":2,"column":20},"end":{"line":4,"column":11}}]},"2":{"type":"branch","line":4,"loc":{"start":{"line":4,"column":5},"end":{"line":10,"column":5}},"locations":[{"start":{"line":4,"column":5},"end":{"line":10,"column":5}}]},"3":{"type":"branch","line":4,"loc":{"start":{"line":4,"column":27},"end":{"line":6,"column":11}},"locations":[{"start":{"line":4,"column":27},"end":{"line":6,"column":11}}]},"4":{"type":"branch","line":6,"loc":{"start":{"line":6,"column":5},"end":{"line":10,"column":5}},"locations":[{"start":{"line":6,"column":5},"end":{"line":10,"column":5}}]},"5":{"type":"branch","line":6,"loc":{"start":{"line":6,"column":27},"end":{"line":10,"column":5}},"locations":[{"start":{"line":6,"column":27},"end":{"line":10,"column":5}}]}},"b":{"0":[4],"1":[1],"2":[3],"3":[1],"4":[2],"5":[1]},"fnMap":{"0":{"name":"devolverColor","decl":{"start":{"line":1,"column":22},"end":{"line":11,"column":1}},"loc":{"start":{"line":1,"column":22},"end":{"line":11,"column":1}},"line":1}},"f":{"0":4}}
,"/home/futuzor/Documentos/JS/React/PokeWeather/src/utils/devolverFondo.ts": {"path":"/home/futuzor/Documentos/JS/React/PokeWeather/src/utils/devolverFondo.ts","all":false,"statementMap":{"0":{"start":{"line":1,"column":0},"end":{"line":1,"column":41}},"1":{"start":{"line":2,"column":0},"end":{"line":2,"column":21}},"2":{"start":{"line":3,"column":0},"end":{"line":3,"column":30}},"3":{"start":{"line":4,"column":0},"end":{"line":4,"column":28}},"4":{"start":{"line":5,"column":0},"end":{"line":5,"column":33}},"5":{"start":{"line":6,"column":0},"end":{"line":6,"column":28}},"6":{"start":{"line":7,"column":0},"end":{"line":7,"column":33}},"7":{"start":{"line":8,"column":0},"end":{"line":8,"column":27}},"8":{"start":{"line":9,"column":0},"end":{"line":9,"column":31}},"9":{"start":{"line":10,"column":0},"end":{"line":10,"column":5}},"10":{"start":{"line":11,"column":0},"end":{"line":11,"column":1}},"11":{"start":{"line":12,"column":0},"end":{"line":12,"column":0}},"12":{"start":{"line":13,"column":0},"end":{"line":13,"column":28}}},"s":{"0":1,"1":4,"2":1,"3":4,"4":1,"5":3,"6":1,"7":1,"8":1,"9":1,"10":4,"11":1,"12":1},"branchMap":{"0":{"type":"branch","line":1,"loc":{"start":{"line":1,"column":22},"end":{"line":11,"column":1}},"locations":[{"start":{"line":1,"column":22},"end":{"line":11,"column":1}}]},"1":{"type":"branch","line":2,"loc":{"start":{"line":2,"column":20},"end":{"line":4,"column":11}},"locations":[{"start":{"line":2,"column":20},"end":{"line":4,"column":11}}]},"2":{"type":"branch","line":4,"loc":{"start":{"line":4,"column":5},"end":{"line":10,"column":5}},"locations":[{"start":{"line":4,"column":5},"end":{"line":10,"column":5}}]},"3":{"type":"branch","line":4,"loc":{"start":{"line":4,"column":27},"end":{"line":6,"column":11}},"locations":[{"start":{"line":4,"column":27},"end":{"line":6,"column":11}}]},"4":{"type":"branch","line":6,"loc":{"start":{"line":6,"column":5},"end":{"line":10,"column":5}},"locations":[{"start":{"line":6,"column":5},"end":{"line":10,"column":5}}]},"5":{"type":"branch","line":6,"loc":{"start":{"line":6,"column":27},"end":{"line":10,"column":5}},"locations":[{"start":{"line":6,"column":27},"end":{"line":10,"column":5}}]}},"b":{"0":[4],"1":[1],"2":[3],"3":[1],"4":[2],"5":[1]},"fnMap":{"0":{"name":"devolverFondo","decl":{"start":{"line":1,"column":22},"end":{"line":11,"column":1}},"loc":{"start":{"line":1,"column":22},"end":{"line":11,"column":1}},"line":1}},"f":{"0":4}}
}
